Arguments: 
  /Users/omrinuri/.asdf/installs/nodejs/16.16.0/bin/node /Users/omrinuri/.asdf/installs/yarn/1.22.19/bin/yarn.js

PATH: 
  /Users/omrinuri/.asdf/plugins/nodejs/shims:/Users/omrinuri/.asdf/installs/nodejs/16.16.0/.npm/bin:/Users/omrinuri/.asdf/installs/nodejs/16.16.0/bin:/Users/omrinuri/.asdf/installs/yarn/1.22.19/bin:/Users/omrinuri/.asdf/shims:/opt/homebrew/opt/asdf/libexec/bin:/opt/homebrew/bin:/opt/homebrew/sbin:/usr/local/bin:/System/Cryptexes/App/usr/bin:/usr/bin:/bin:/usr/sbin:/sbin:/Library/Apple/usr/bin:/opt/homebrew/bin:/opt/homebrew/sbin:/Users/omrinuri/.fig/bin:/Users/omrinuri/.local/bin

Yarn version: 
  1.22.19

Node version: 
  16.16.0

Platform: 
  darwin arm64

Trace: 
  SyntaxError: /Users/omrinuri/personal/ytb-slicer/package.json: Unexpected token / in JSON at position 224
      at JSON.parse (<anonymous>)
      at /Users/omrinuri/.asdf/installs/yarn/1.22.19/lib/cli.js:1629:59
      at Generator.next (<anonymous>)
      at step (/Users/omrinuri/.asdf/installs/yarn/1.22.19/lib/cli.js:310:30)
      at /Users/omrinuri/.asdf/installs/yarn/1.22.19/lib/cli.js:321:13

npm manifest: 
  {
  	"name": "youtube-downloader",
  	"version": "1.0.0",
  	"description": "",
  	"main": "index.js",
  	"scripts": {
  		"test": "echo \"Error: no test specified\" && exit 1"
  	},
  	"author": "",
  	"license": "ISC",
  	"dependencies": {
  		// "@ffmpeg-installer/ffmpeg": "^1.1.0",
  		"@thetalabs/node-ffmpeg-installer": "^1.1.0",
  		"ffmpeg-extract-audio": "^1.0.2",
  		"ffmpeg-on-progress": "^1.0.0",
  		"fluent-ffmpeg": "^2.1.2",
  		"youtube-search": "^1.1.6",
  		"ytdl-core": "^4.11.2"
  	}
  }

yarn manifest: 
  No manifest

Lockfile: 
  # THIS IS AN AUTOGENERATED FILE. DO NOT EDIT THIS FILE DIRECTLY.
  # yarn lockfile v1
  
  
  "@ffmpeg-installer/darwin-arm64@4.1.5":
    version "4.1.5"
    resolved "https://registry.npmjs.org/@ffmpeg-installer/darwin-arm64/-/darwin-arm64-4.1.5.tgz"
    integrity sha512-hYqTiP63mXz7wSQfuqfFwfLOfwwFChUedeCVKkBtl/cliaTM7/ePI9bVzfZ2c+dWu3TqCwLDRWNSJ5pqZl8otA==
  
  "@ffmpeg-installer/darwin-x64@4.1.0":
    version "4.1.0"
    resolved "https://registry.yarnpkg.com/@ffmpeg-installer/darwin-x64/-/darwin-x64-4.1.0.tgz#48e1706c690e628148482bfb64acb67472089aaa"
    integrity sha512-Z4EyG3cIFjdhlY8wI9aLUXuH8nVt7E9SlMVZtWvSPnm2sm37/yC2CwjUzyCQbJbySnef1tQwGG2Sx+uWhd9IAw==
  
  "@ffmpeg-installer/ffmpeg@^1.1.0":
    version "1.1.0"
    resolved "https://registry.npmjs.org/@ffmpeg-installer/ffmpeg/-/ffmpeg-1.1.0.tgz"
    integrity sha512-Uq4rmwkdGxIa9A6Bd/VqqYbT7zqh1GrT5/rFwCwKM70b42W5gIjWeVETq6SdcL0zXqDtY081Ws/iJWhr1+xvQg==
    optionalDependencies:
      "@ffmpeg-installer/darwin-arm64" "4.1.5"
      "@ffmpeg-installer/darwin-x64" "4.1.0"
      "@ffmpeg-installer/linux-arm" "4.1.3"
      "@ffmpeg-installer/linux-arm64" "4.1.4"
      "@ffmpeg-installer/linux-ia32" "4.1.0"
      "@ffmpeg-installer/linux-x64" "4.1.0"
      "@ffmpeg-installer/win32-ia32" "4.1.0"
      "@ffmpeg-installer/win32-x64" "4.1.0"
  
  "@ffmpeg-installer/linux-arm64@4.1.4":
    version "4.1.4"
    resolved "https://registry.yarnpkg.com/@ffmpeg-installer/linux-arm64/-/linux-arm64-4.1.4.tgz#7219f3f901bb67f7926cb060b56b6974a6cad29f"
    integrity sha512-dljEqAOD0oIM6O6DxBW9US/FkvqvQwgJ2lGHOwHDDwu/pX8+V0YsDL1xqHbj1DMX/+nP9rxw7G7gcUvGspSoKg==
  
  "@ffmpeg-installer/linux-arm@4.1.3":
    version "4.1.3"
    resolved "https://registry.yarnpkg.com/@ffmpeg-installer/linux-arm/-/linux-arm-4.1.3.tgz#c554f105ed5f10475ec25d7bec94926ce18db4c1"
    integrity sha512-NDf5V6l8AfzZ8WzUGZ5mV8O/xMzRag2ETR6+TlGIsMHp81agx51cqpPItXPib/nAZYmo55Bl2L6/WOMI3A5YRg==
  
  "@ffmpeg-installer/linux-ia32@4.1.0":
    version "4.1.0"
    resolved "https://registry.yarnpkg.com/@ffmpeg-installer/linux-ia32/-/linux-ia32-4.1.0.tgz#adad70b0d0d9d8d813983d6e683c5a338a75e442"
    integrity sha512-0LWyFQnPf+Ij9GQGD034hS6A90URNu9HCtQ5cTqo5MxOEc7Rd8gLXrJvn++UmxhU0J5RyRE9KRYstdCVUjkNOQ==
  
  "@ffmpeg-installer/linux-x64@4.1.0":
    version "4.1.0"
    resolved "https://registry.yarnpkg.com/@ffmpeg-installer/linux-x64/-/linux-x64-4.1.0.tgz#b4a5d89c4e12e6d9306dbcdc573df716ec1c4323"
    integrity sha512-Y5BWhGLU/WpQjOArNIgXD3z5mxxdV8c41C+U15nsE5yF8tVcdCGet5zPs5Zy3Ta6bU7haGpIzryutqCGQA/W8A==
  
  "@ffmpeg-installer/win32-ia32@4.1.0":
    version "4.1.0"
    resolved "https://registry.yarnpkg.com/@ffmpeg-installer/win32-ia32/-/win32-ia32-4.1.0.tgz#6eac4fb691b64c02e7a116c1e2d167f3e9b40638"
    integrity sha512-FV2D7RlaZv/lrtdhaQ4oETwoFUsUjlUiasiZLDxhEUPdNDWcH1OU9K1xTvqz+OXLdsmYelUDuBS/zkMOTtlUAw==
  
  "@ffmpeg-installer/win32-x64@4.1.0":
    version "4.1.0"
    resolved "https://registry.yarnpkg.com/@ffmpeg-installer/win32-x64/-/win32-x64-4.1.0.tgz#17e8699b5798d4c60e36e2d6326a8ebe5e95a2c5"
    integrity sha512-Drt5u2vzDnIONf4ZEkKtFlbvwj6rI3kxw1Ck9fpudmtgaZIHD4ucsWB2lCZBXRxJgXR+2IMSti+4rtM4C4rXgg==
  
  "@thetalabs/node-ffmpeg-installer@^1.1.0":
    version "1.1.0"
    resolved "https://registry.yarnpkg.com/@thetalabs/node-ffmpeg-installer/-/node-ffmpeg-installer-1.1.0.tgz#7d04f13f9a7be4124fb8dc0d8847b7f44ebf3a69"
    integrity sha512-xjrolV3Zl2gAPo6ezRoWMtsXcN2c295kUA5CWXIHHmZZXn6O5rYIKsHBvn/BLkujmFDxGJsqVtYY//TJA3oiwA==
  
  async@>=0.2.9:
    version "3.2.4"
    resolved "https://registry.npmjs.org/async/-/async-3.2.4.tgz"
    integrity sha512-iAB+JbDEGXhyIUavoDl9WP/Jj106Kz9DEn1DPgYw5ruDn0e3Wgi3sKFm55sASdGBNOQB8F59d9qQ7deqrHA8wQ==
  
  axios@^0.21.1:
    version "0.21.4"
    resolved "https://registry.npmjs.org/axios/-/axios-0.21.4.tgz"
    integrity sha512-ut5vewkiu8jjGBdqpM44XxjuCjq9LAKeHVmoVfHVzy8eHgxxq8SbAVQNovDA8mVi05kP0Ea/n/UzcSHcTJQfNg==
    dependencies:
      follow-redirects "^1.14.0"
  
  ffmpeg-extract-audio@^1.0.2:
    version "1.0.2"
    resolved "https://registry.npmjs.org/ffmpeg-extract-audio/-/ffmpeg-extract-audio-1.0.2.tgz"
    integrity sha1-ewsUrbcE+wCTFT2D8wHFeYfN5LQ=
    dependencies:
      fluent-ffmpeg "^2.1.2"
  
  ffmpeg-on-progress@^1.0.0:
    version "1.0.0"
    resolved "https://registry.npmjs.org/ffmpeg-on-progress/-/ffmpeg-on-progress-1.0.0.tgz"
    integrity sha1-8uLZm1+BZL6/XDOkRVKDU+3QgwQ=
    dependencies:
      hh-mm-ss "^1.2.0"
  
  fluent-ffmpeg@^2.1.2:
    version "2.1.2"
    resolved "https://registry.npmjs.org/fluent-ffmpeg/-/fluent-ffmpeg-2.1.2.tgz"
    integrity sha1-yVLeIkD4EuvaCqgAbXd27irPfXQ=
    dependencies:
      async ">=0.2.9"
      which "^1.1.1"
  
  follow-redirects@^1.14.0:
    version "1.14.9"
    resolved "https://registry.npmjs.org/follow-redirects/-/follow-redirects-1.14.9.tgz"
    integrity sha512-MQDfihBQYMcyy5dhRDJUHcw7lb2Pv/TuE6xP1vyraLukNDHKbDxDNaOE3NbCAdKQApno+GPRyo1YAp89yCjK4w==
  
  hh-mm-ss@^1.2.0:
    version "1.2.0"
    resolved "https://registry.npmjs.org/hh-mm-ss/-/hh-mm-ss-1.2.0.tgz"
    integrity sha512-f4I9Hz1dLpX/3mrEs7yq30+FiuO3tt5NWAqAGeBTaoeoBfB8vhcQ3BphuDc5DjZb/K809agqrAaFlP0jhEU/8w==
    dependencies:
      zero-fill "^2.2.3"
  
  isexe@^2.0.0:
    version "2.0.0"
    resolved "https://registry.npmjs.org/isexe/-/isexe-2.0.0.tgz"
    integrity sha1-6PvzdNxVb/iUehDcsFctYz8s+hA=
  
  m3u8stream@^0.8.6:
    version "0.8.6"
    resolved "https://registry.npmjs.org/m3u8stream/-/m3u8stream-0.8.6.tgz"
    integrity sha512-LZj8kIVf9KCphiHmH7sbFQTVe4tOemb202fWwvJwR9W5ENW/1hxJN6ksAWGhQgSBSa3jyWhnjKU1Fw1GaOdbyA==
    dependencies:
      miniget "^4.2.2"
      sax "^1.2.4"
  
  miniget@^4.2.2:
    version "4.2.2"
    resolved "https://registry.npmjs.org/miniget/-/miniget-4.2.2.tgz"
    integrity sha512-a7voNL1N5lDMxvTMExOkg+Fq89jM2vY8pAi9ZEWzZtfNmdfP6RXkvUtFnCAXoCv2T9k1v/fUJVaAEuepGcvLYA==
  
  sax@0.5.x:
    version "0.5.8"
    resolved "https://registry.npmjs.org/sax/-/sax-0.5.8.tgz"
    integrity sha1-1HLbIo6zMcJQaw6MFVJK25OdEsE=
  
  sax@^1.1.3, sax@^1.2.4:
    version "1.2.4"
    resolved "https://registry.npmjs.org/sax/-/sax-1.2.4.tgz"
    integrity sha512-NqVDv9TpANUjFm0N8uM5GxL36UgKi9/atZw+x7YFnQ8ckwFGKrl4xX4yWtrey3UJm5nP1kUbnYgLopqWNSRhWw==
  
  which@^1.1.1:
    version "1.3.1"
    resolved "https://registry.npmjs.org/which/-/which-1.3.1.tgz"
    integrity sha512-HxJdYWq1MTIQbJ3nw0cqssHoTNU267KlrDuGZ1WYlxDStUtKUhOaJmh112/TZmHxxUfuJqPXSOm7tDyas0OSIQ==
    dependencies:
      isexe "^2.0.0"
  
  xml2js@~0.2.8:
    version "0.2.8"
    resolved "https://registry.npmjs.org/xml2js/-/xml2js-0.2.8.tgz"
    integrity sha1-m4FpCTFjH/CdGVdUn69U9PmAs8I=
    dependencies:
      sax "0.5.x"
  
  youtube-search@^1.1.6:
    version "1.1.6"
    resolved "https://registry.npmjs.org/youtube-search/-/youtube-search-1.1.6.tgz"
    integrity sha512-AgDClD3KTJph0oA3QNypUpZH8qUJM2hevQAzIbpQ+gEYaqdIKUgBqhfciZ7ureOH+NSK7X9gYDo2tbvE46n7UA==
    dependencies:
      axios "^0.21.1"
      xml2js "~0.2.8"
  
  ytdl-core@^4.11.2:
    version "4.11.2"
    resolved "https://registry.npmjs.org/ytdl-core/-/ytdl-core-4.11.2.tgz"
    integrity sha512-D939t9b4ZzP3v0zDvehR2q+KgG97UTgrTKju3pOPGQcXtl4W6W5z0EpznzcJFu+OOpl7S7Ge8hv8zU65QnxYug==
    dependencies:
      m3u8stream "^0.8.6"
      miniget "^4.2.2"
      sax "^1.1.3"
  
  zero-fill@^2.2.3:
    version "2.2.4"
    resolved "https://registry.npmjs.org/zero-fill/-/zero-fill-2.2.4.tgz"
    integrity sha512-/N5GEDauLHz2uGnuJXWO1Wfib4EC+q4yp9C1jojM7RubwEKADqIqMcYpETMm1lRop403fi3v1qTOdgDE8DIOdw==
